<?xml version="1.0" encoding="UTF-8"?>
<!-- Generated by org.testng.reporters.JUnitReportReporter -->
<testsuite skipped="0" hostname="DESKTOP-NFATJD6" name="testCases.Read_All_Products" tests="1" failures="0" timestamp="02 Jan 2021 14:42:57 GMT" time="2.412" errors="0">
  <testcase name="get_All_Products" time="2.412" classname="testCases.Read_All_Products"/>
</testsuite> <!-- testCases.Read_All_Products -->
