<?xml version="1.0" encoding="UTF-8"?>
<!-- Generated by org.testng.reporters.JUnitReportReporter -->
<testsuite skipped="0" hostname="DESKTOP-NFATJD6" name="testCases.Create_A_Product_And_Validate_In_Database" tests="1" failures="0" timestamp="02 Jan 2021 14:27:56 GMT" time="2.576" errors="0">
  <testcase name="create_Single_Product" time="2.576" classname="testCases.Create_A_Product_And_Validate_In_Database"/>
</testsuite> <!-- testCases.Create_A_Product_And_Validate_In_Database -->
