<?xml version="1.0" encoding="UTF-8"?>
<!-- Generated by org.testng.reporters.JUnitReportReporter -->
<testsuite skipped="0" hostname="DESKTOP-NFATJD6" name="testCases.RestApiTestCases" tests="1" failures="0" timestamp="02 Jan 2021 03:24:27 GMT" time="2.713" errors="0">
  <testcase name="get_All_Products" time="2.713" classname="testCases.RestApiTestCases"/>
</testsuite> <!-- testCases.RestApiTestCases -->
