<?xml version="1.0" encoding="UTF-8"?>
<!-- Generated by org.testng.reporters.JUnitReportReporter -->
<testsuite skipped="0" hostname="DESKTOP-NFATJD6" name="testCases.Read_A_Product" tests="1" failures="0" timestamp="02 Jan 2021 14:41:43 GMT" time="2.759" errors="0">
  <testcase name="read_Single_Product" time="2.759" classname="testCases.Read_A_Product"/>
</testsuite> <!-- testCases.Read_A_Product -->
