<?xml version="1.0" encoding="UTF-8"?>
<!-- Generated by org.testng.reporters.JUnitReportReporter -->
<testsuite skipped="0" hostname="DESKTOP-NFATJD6" name="testCases.Create_A_Product_Locally_And_Validate_In_Database" tests="1" failures="0" timestamp="03 Jan 2021 06:45:21 GMT" time="1.611" errors="0">
  <testcase name="create_Single_Product" time="1.611" classname="testCases.Create_A_Product_Locally_And_Validate_In_Database"/>
</testsuite> <!-- testCases.Create_A_Product_Locally_And_Validate_In_Database -->
