<?xml version="1.0" encoding="UTF-8"?>
<!-- Generated by org.testng.reporters.JUnitReportReporter -->
<testsuite skipped="0" hostname="DESKTOP-NFATJD6" name="testCases.Read_Single_Local_Product_Validate_DB" tests="1" failures="0" timestamp="03 Jan 2021 06:52:23 GMT" time="1.957" errors="0">
  <testcase name="read_Single_Local_Product" time="1.957" classname="testCases.Read_Single_Local_Product_Validate_DB"/>
</testsuite> <!-- testCases.Read_Single_Local_Product_Validate_DB -->
