<?xml version="1.0" encoding="UTF-8"?>
<!-- Generated by org.testng.reporters.JUnitReportReporter -->
<testsuite skipped="0" hostname="DESKTOP-NFATJD6" name="testCases.Read_Single_Local_Product_Validate_DB" tests="1" failures="0" timestamp="02 Jan 2021 14:49:09 GMT" time="2.148" errors="0">
  <testcase name="read_Single_Local_Product" time="2.148" classname="testCases.Read_Single_Local_Product_Validate_DB"/>
</testsuite> <!-- testCases.Read_Single_Local_Product_Validate_DB -->
